<?xml version="1.0" encoding="UTF-8"?>
<!-- Generated by org.testng.reporters.JUnitReportReporter -->
<testsuite hostname="Gauravs-MacBook-Pro.local" failures="0" tests="1" name="driverfactory.DriverScript" time="136.996" errors="0" timestamp="2024-04-21T12:51:11 BST" skipped="0">
  <testcase classname="driverfactory.DriverScript" name="startTest" time="136.996">
    <system-out>
      <![CDATA[Supplier-00000002673=========Supplier-00000002673
Customer-00000004714=======Customer-00000004714]]>
    </system-out>
  </testcase> <!-- startTest -->
  <system-out>
    <![CDATA[Supplier-00000002673=========Supplier-00000002673
Customer-00000004714=======Customer-00000004714]]>
  </system-out>
</testsuite> <!-- driverfactory.DriverScript -->
