<?xml version="1.0" encoding="UTF-8"?>
<!-- Generated by org.testng.reporters.JUnitReportReporter -->
<testsuite hostname="Gauravs-MacBook-Pro.local" failures="0" tests="1" name="driverfactory.AppTest" time="106.354" errors="0" timestamp="2024-04-22T12:19:48 BST" skipped="0">
  <testcase classname="driverfactory.AppTest" name="KickStart" time="106.354">
    <system-out>
      <![CDATA[Supplier-00000002693=========Supplier-00000002693
Customer-00000004746=======Customer-00000004746]]>
    </system-out>
  </testcase> <!-- KickStart -->
  <system-out>
    <![CDATA[Supplier-00000002693=========Supplier-00000002693
Customer-00000004746=======Customer-00000004746]]>
  </system-out>
</testsuite> <!-- driverfactory.AppTest -->
