<?xml version="1.0" encoding="UTF-8"?>
<!-- Generated by org.testng.reporters.JUnitReportReporter -->
<testsuite hostname="Gauravs-MacBook-Pro.local" failures="0" tests="1" name="driverfactory.AppTest" time="95.155" errors="0" timestamp="2024-04-22T20:15:28 BST" skipped="0">
  <testcase classname="driverfactory.AppTest" name="KickStart" time="95.155">
    <system-out>
      <![CDATA[Supplier-00000002700=========Supplier-00000002700
Customer-00000004762=======Customer-00000004762]]>
    </system-out>
  </testcase> <!-- KickStart -->
  <system-out>
    <![CDATA[Supplier-00000002700=========Supplier-00000002700
Customer-00000004762=======Customer-00000004762]]>
  </system-out>
</testsuite> <!-- driverfactory.AppTest -->
